mode: set
github.com/sgargan/cert-scanner-darkly/config/config.go:18.32,26.45 7 1
github.com/sgargan/cert-scanner-darkly/config/config.go:26.45,28.3 1 1
github.com/sgargan/cert-scanner-darkly/config/config.go:29.2,29.12 1 1
github.com/sgargan/cert-scanner-darkly/config/config.go:32.20,39.2 5 1
github.com/sgargan/cert-scanner-darkly/config/config.go:41.39,46.2 3 1
github.com/sgargan/cert-scanner-darkly/discovery/kubernetes/client.go:12.66,17.16 4 0
github.com/sgargan/cert-scanner-darkly/discovery/kubernetes/client.go:17.16,19.3 1 0
github.com/sgargan/cert-scanner-darkly/discovery/kubernetes/client.go:20.2,21.16 2 0
github.com/sgargan/cert-scanner-darkly/discovery/kubernetes/client.go:21.16,23.3 1 0
github.com/sgargan/cert-scanner-darkly/discovery/kubernetes/client.go:24.2,24.37 1 0
github.com/sgargan/cert-scanner-darkly/discovery/kubernetes/discover.go:16.64,18.16 2 0
github.com/sgargan/cert-scanner-darkly/discovery/kubernetes/discover.go:18.16,20.3 1 0
github.com/sgargan/cert-scanner-darkly/discovery/kubernetes/discover.go:21.2,24.8 1 0
github.com/sgargan/cert-scanner-darkly/discovery/kubernetes/discover.go:27.79,29.2 1 0
github.com/sgargan/cert-scanner-darkly/discovery/kubernetes/endpoints.go:33.120,34.18 1 1
github.com/sgargan/cert-scanner-darkly/discovery/kubernetes/endpoints.go:34.18,36.3 1 1
github.com/sgargan/cert-scanner-darkly/discovery/kubernetes/endpoints.go:37.2,37.22 1 1
github.com/sgargan/cert-scanner-darkly/discovery/kubernetes/endpoints.go:37.22,39.3 1 1
github.com/sgargan/cert-scanner-darkly/discovery/kubernetes/endpoints.go:40.2,44.8 1 1
github.com/sgargan/cert-scanner-darkly/discovery/kubernetes/endpoints.go:49.78,51.16 2 1
github.com/sgargan/cert-scanner-darkly/discovery/kubernetes/endpoints.go:51.16,53.3 1 1
github.com/sgargan/cert-scanner-darkly/discovery/kubernetes/endpoints.go:55.2,56.43 2 1
github.com/sgargan/cert-scanner-darkly/discovery/kubernetes/endpoints.go:56.43,57.43 1 1
github.com/sgargan/cert-scanner-darkly/discovery/kubernetes/endpoints.go:57.43,58.45 1 1
github.com/sgargan/cert-scanner-darkly/discovery/kubernetes/endpoints.go:58.45,60.19 2 1
github.com/sgargan/cert-scanner-darkly/discovery/kubernetes/endpoints.go:60.19,62.6 1 1
github.com/sgargan/cert-scanner-darkly/discovery/kubernetes/endpoints.go:63.5,63.39 1 1
github.com/sgargan/cert-scanner-darkly/discovery/kubernetes/endpoints.go:63.39,69.38 2 1
github.com/sgargan/cert-scanner-darkly/discovery/kubernetes/endpoints.go:69.38,70.59 1 1
github.com/sgargan/cert-scanner-darkly/discovery/kubernetes/endpoints.go:70.59,72.8 1 1
github.com/sgargan/cert-scanner-darkly/discovery/kubernetes/endpoints.go:75.6,75.41 1 1
github.com/sgargan/cert-scanner-darkly/discovery/kubernetes/endpoints.go:75.41,85.7 1 1
github.com/sgargan/cert-scanner-darkly/discovery/kubernetes/endpoints.go:90.2,90.24 1 1
github.com/sgargan/cert-scanner-darkly/metrics/prometheus.go:21.55,23.2 1 0
github.com/sgargan/cert-scanner-darkly/metrics/prometheus.go:25.43,27.2 1 0
github.com/sgargan/cert-scanner-darkly/metrics/prometheus.go:29.49,44.16 7 0
github.com/sgargan/cert-scanner-darkly/metrics/prometheus.go:44.16,46.3 1 0
github.com/sgargan/cert-scanner-darkly/metrics/prometheus.go:47.2,48.12 2 0
github.com/sgargan/cert-scanner-darkly/metrics/prometheus.go:51.58,57.2 1 0
github.com/sgargan/cert-scanner-darkly/metrics/prometheus.go:59.55,64.2 1 0
github.com/sgargan/cert-scanner-darkly/reporters/logging.go:18.78,20.19 2 1
github.com/sgargan/cert-scanner-darkly/reporters/logging.go:20.19,21.90 1 1
github.com/sgargan/cert-scanner-darkly/reporters/logging.go:21.90,23.4 1 0
github.com/sgargan/cert-scanner-darkly/reporters/logging.go:23.9,25.4 1 1
github.com/sgargan/cert-scanner-darkly/reporters/logging.go:27.2,27.39 1 1
github.com/sgargan/cert-scanner-darkly/reporters/logging.go:30.72,35.2 1 1
github.com/sgargan/cert-scanner-darkly/reporters/logging.go:37.79,38.43 1 1
github.com/sgargan/cert-scanner-darkly/reporters/logging.go:38.43,42.37 4 1
github.com/sgargan/cert-scanner-darkly/reporters/logging.go:42.37,44.35 2 1
github.com/sgargan/cert-scanner-darkly/reporters/logging.go:44.35,46.5 1 1
github.com/sgargan/cert-scanner-darkly/reporters/logging.go:47.4,47.55 1 1
github.com/sgargan/cert-scanner-darkly/reporters/logging.go:52.35,53.22 1 1
github.com/sgargan/cert-scanner-darkly/reporters/logging.go:53.22,55.3 1 1
github.com/sgargan/cert-scanner-darkly/reporters/logging.go:58.59,60.27 2 1
github.com/sgargan/cert-scanner-darkly/reporters/logging.go:60.27,62.3 1 1
github.com/sgargan/cert-scanner-darkly/reporters/logging.go:63.2,63.15 1 1
github.com/sgargan/cert-scanner-darkly/reporters/metrics.go:22.56,27.2 1 1
github.com/sgargan/cert-scanner-darkly/reporters/metrics.go:29.79,30.43 1 1
github.com/sgargan/cert-scanner-darkly/reporters/metrics.go:30.43,32.37 2 1
github.com/sgargan/cert-scanner-darkly/reporters/metrics.go:32.37,34.35 2 1
github.com/sgargan/cert-scanner-darkly/reporters/metrics.go:34.35,36.5 1 1
github.com/sgargan/cert-scanner-darkly/reporters/metrics.go:37.4,37.30 1 1
github.com/sgargan/cert-scanner-darkly/reporters/metrics.go:42.69,44.67 2 1
github.com/sgargan/cert-scanner-darkly/reporters/metrics.go:44.67,47.3 2 0
github.com/sgargan/cert-scanner-darkly/reporters/metrics.go:48.2,48.15 1 1
github.com/sgargan/cert-scanner-darkly/reporters/reporters.go:14.43,16.47 2 1
github.com/sgargan/cert-scanner-darkly/reporters/reporters.go:16.47,17.63 1 1
github.com/sgargan/cert-scanner-darkly/reporters/reporters.go:17.63,19.4 1 0
github.com/sgargan/cert-scanner-darkly/reporters/reporters.go:19.9,19.22 1 1
github.com/sgargan/cert-scanner-darkly/reporters/reporters.go:19.22,21.4 1 1
github.com/sgargan/cert-scanner-darkly/reporters/reporters.go:23.2,24.23 2 1
github.com/sgargan/cert-scanner-darkly/reporters/reporters.go:27.42,29.2 1 1
github.com/sgargan/cert-scanner-darkly/reporters/reporters.go:31.42,33.2 1 1
github.com/sgargan/cert-scanner-darkly/reporters/reporters.go:35.87,36.62 1 1
github.com/sgargan/cert-scanner-darkly/reporters/reporters.go:36.62,39.3 2 1
github.com/sgargan/cert-scanner-darkly/reporters/reporters.go:40.2,40.8 1 1
github.com/sgargan/cert-scanner-darkly/scanner/scan.go:12.64,14.16 2 0
github.com/sgargan/cert-scanner-darkly/scanner/scan.go:14.16,17.3 2 0
github.com/sgargan/cert-scanner-darkly/scanner/scan.go:19.2,20.16 2 0
github.com/sgargan/cert-scanner-darkly/scanner/scan.go:20.16,23.3 2 0
github.com/sgargan/cert-scanner-darkly/scanner/scan.go:25.2,29.12 4 0
github.com/sgargan/cert-scanner-darkly/scanner/scanner.go:25.69,32.2 1 1
github.com/sgargan/cert-scanner-darkly/scanner/scanner.go:34.50,38.2 3 1
github.com/sgargan/cert-scanner-darkly/scanner/scanner.go:43.71,46.2 2 1
github.com/sgargan/cert-scanner-darkly/scanner/scanner.go:50.52,51.131 1 1
github.com/sgargan/cert-scanner-darkly/scanner/scanner.go:51.131,53.21 2 1
github.com/sgargan/cert-scanner-darkly/scanner/scanner.go:53.21,54.45 1 1
github.com/sgargan/cert-scanner-darkly/scanner/scanner.go:54.45,56.5 1 1
github.com/sgargan/cert-scanner-darkly/scanner/scanner.go:58.3,58.13 1 1
github.com/sgargan/cert-scanner-darkly/scanner/scanner.go:60.2,60.21 1 1
github.com/sgargan/cert-scanner-darkly/scanner/scanner.go:65.50,66.127 1 1
github.com/sgargan/cert-scanner-darkly/scanner/scanner.go:66.127,68.36 2 1
github.com/sgargan/cert-scanner-darkly/scanner/scanner.go:68.36,70.4 1 1
github.com/sgargan/cert-scanner-darkly/scanner/scanner.go:71.3,71.13 1 1
github.com/sgargan/cert-scanner-darkly/scanner/scanner.go:73.2,73.21 1 1
github.com/sgargan/cert-scanner-darkly/scanner/scanner.go:76.25,77.67 1 1
github.com/sgargan/cert-scanner-darkly/scanner/scanner.go:77.67,79.3 1 1
github.com/sgargan/cert-scanner-darkly/scanner/scanner.go:79.8,81.3 1 1
github.com/sgargan/cert-scanner-darkly/scanner/tls_state_retrieval.go:18.63,22.2 1 1
github.com/sgargan/cert-scanner-darkly/scanner/tls_state_retrieval.go:26.92,27.113 1 1
github.com/sgargan/cert-scanner-darkly/scanner/tls_state_retrieval.go:27.113,30.3 2 1
github.com/sgargan/cert-scanner-darkly/scanner/tls_state_retrieval.go:31.2,31.37 1 1
github.com/sgargan/cert-scanner-darkly/scanner/tls_state_retrieval.go:31.37,33.3 1 0
github.com/sgargan/cert-scanner-darkly/scanner/tls_state_retrieval.go:34.2,34.12 1 1
github.com/sgargan/cert-scanner-darkly/scanner/tls_state_retrieval.go:37.105,42.16 4 1
github.com/sgargan/cert-scanner-darkly/scanner/tls_state_retrieval.go:42.16,45.3 2 1
github.com/sgargan/cert-scanner-darkly/scanner/tls_state_retrieval.go:47.2,47.16 1 1
github.com/sgargan/cert-scanner-darkly/scanner/tls_state_retrieval.go:47.16,51.51 2 1
github.com/sgargan/cert-scanner-darkly/scanner/tls_state_retrieval.go:51.51,54.4 2 1
github.com/sgargan/cert-scanner-darkly/scanner/tls_state_retrieval.go:54.9,57.4 2 1
github.com/sgargan/cert-scanner-darkly/scanner/tls_state_retrieval.go:59.2,59.15 1 1
github.com/sgargan/cert-scanner-darkly/utils/batch.go:12.140,14.18 2 1
github.com/sgargan/cert-scanner-darkly/utils/batch.go:14.18,16.25 2 1
github.com/sgargan/cert-scanner-darkly/utils/batch.go:16.25,16.95 1 1
github.com/sgargan/cert-scanner-darkly/utils/batch.go:17.3,17.15 1 1
github.com/sgargan/cert-scanner-darkly/utils/batch.go:20.2,21.26 2 1
github.com/sgargan/cert-scanner-darkly/utils/batch.go:21.26,23.3 1 1
github.com/sgargan/cert-scanner-darkly/utils/batch.go:24.2,25.29 2 1
github.com/sgargan/cert-scanner-darkly/utils/batch.go:25.29,27.25 2 1
github.com/sgargan/cert-scanner-darkly/utils/batch.go:27.25,29.4 1 1
github.com/sgargan/cert-scanner-darkly/utils/batch.go:31.2,31.14 1 1
github.com/sgargan/cert-scanner-darkly/utils/cancel.go:11.112,13.2 1 1
github.com/sgargan/cert-scanner-darkly/utils/cancel.go:16.144,19.2 2 1
github.com/sgargan/cert-scanner-darkly/validations/expired.go:19.48,21.2 1 1
github.com/sgargan/cert-scanner-darkly/validations/expired.go:23.60,29.2 1 1
github.com/sgargan/cert-scanner-darkly/validations/expired.go:32.78,34.2 1 1
github.com/sgargan/cert-scanner-darkly/validations/expired.go:39.71,40.53 1 1
github.com/sgargan/cert-scanner-darkly/validations/expired.go:40.53,41.52 1 1
github.com/sgargan/cert-scanner-darkly/validations/expired.go:41.52,46.4 1 1
github.com/sgargan/cert-scanner-darkly/validations/expired.go:48.2,48.12 1 1
github.com/sgargan/cert-scanner-darkly/validations/not_yet_valid.go:18.48,21.2 1 1
github.com/sgargan/cert-scanner-darkly/validations/not_yet_valid.go:23.60,29.2 1 1
github.com/sgargan/cert-scanner-darkly/validations/not_yet_valid.go:31.49,33.2 1 1
github.com/sgargan/cert-scanner-darkly/validations/not_yet_valid.go:38.71,39.53 1 1
github.com/sgargan/cert-scanner-darkly/validations/not_yet_valid.go:39.53,41.21 2 1
github.com/sgargan/cert-scanner-darkly/validations/not_yet_valid.go:41.21,46.4 1 1
github.com/sgargan/cert-scanner-darkly/validations/not_yet_valid.go:48.2,48.12 1 1
github.com/sgargan/cert-scanner-darkly/validations/tls_version.go:21.52,23.2 1 1
github.com/sgargan/cert-scanner-darkly/validations/tls_version.go:25.64,31.2 1 1
github.com/sgargan/cert-scanner-darkly/validations/tls_version.go:33.83,35.16 2 1
github.com/sgargan/cert-scanner-darkly/validations/tls_version.go:35.16,37.3 1 1
github.com/sgargan/cert-scanner-darkly/validations/tls_version.go:38.2,38.56 1 1
github.com/sgargan/cert-scanner-darkly/validations/tls_version.go:42.75,43.46 1 1
github.com/sgargan/cert-scanner-darkly/validations/tls_version.go:43.46,48.3 1 1
github.com/sgargan/cert-scanner-darkly/validations/tls_version.go:49.2,49.12 1 1
github.com/sgargan/cert-scanner-darkly/validations/tls_version.go:52.36,53.17 1 1
github.com/sgargan/cert-scanner-darkly/validations/tls_version.go:54.24,55.15 1 1
github.com/sgargan/cert-scanner-darkly/validations/tls_version.go:56.24,57.15 1 1
github.com/sgargan/cert-scanner-darkly/validations/tls_version.go:58.24,59.15 1 1
github.com/sgargan/cert-scanner-darkly/validations/tls_version.go:60.24,61.15 1 1
github.com/sgargan/cert-scanner-darkly/validations/tls_version.go:63.2,63.18 1 1
github.com/sgargan/cert-scanner-darkly/validations/tls_version.go:67.47,68.17 1 1
github.com/sgargan/cert-scanner-darkly/validations/tls_version.go:69.13,70.31 1 1
github.com/sgargan/cert-scanner-darkly/validations/tls_version.go:71.13,72.31 1 1
github.com/sgargan/cert-scanner-darkly/validations/tls_version.go:73.13,74.31 1 1
github.com/sgargan/cert-scanner-darkly/validations/tls_version.go:75.13,76.31 1 1
github.com/sgargan/cert-scanner-darkly/validations/tls_version.go:78.2,78.106 1 1
github.com/sgargan/cert-scanner-darkly/validations/trust_chain.go:23.52,25.2 1 1
github.com/sgargan/cert-scanner-darkly/validations/trust_chain.go:27.64,31.2 1 1
github.com/sgargan/cert-scanner-darkly/validations/trust_chain.go:35.95,39.35 4 1
github.com/sgargan/cert-scanner-darkly/validations/trust_chain.go:39.35,41.17 2 1
github.com/sgargan/cert-scanner-darkly/validations/trust_chain.go:41.17,43.4 1 1
github.com/sgargan/cert-scanner-darkly/validations/trust_chain.go:45.3,46.38 2 1
github.com/sgargan/cert-scanner-darkly/validations/trust_chain.go:46.38,48.4 1 1
github.com/sgargan/cert-scanner-darkly/validations/trust_chain.go:49.3,50.17 2 1
github.com/sgargan/cert-scanner-darkly/validations/trust_chain.go:50.17,52.4 1 0
github.com/sgargan/cert-scanner-darkly/validations/trust_chain.go:53.3,54.30 2 1
github.com/sgargan/cert-scanner-darkly/validations/trust_chain.go:54.30,57.4 2 1
github.com/sgargan/cert-scanner-darkly/validations/trust_chain.go:59.2,60.49 2 1
github.com/sgargan/cert-scanner-darkly/validations/trust_chain.go:65.79,69.2 1 1
github.com/sgargan/cert-scanner-darkly/validations/trust_chain.go:73.75,74.22 1 1
github.com/sgargan/cert-scanner-darkly/validations/trust_chain.go:74.22,76.3 1 0
github.com/sgargan/cert-scanner-darkly/validations/trust_chain.go:78.2,80.46 3 1
github.com/sgargan/cert-scanner-darkly/validations/trust_chain.go:80.46,81.13 1 1
github.com/sgargan/cert-scanner-darkly/validations/trust_chain.go:81.13,83.4 1 0
github.com/sgargan/cert-scanner-darkly/validations/trust_chain.go:85.2,92.16 2 1
github.com/sgargan/cert-scanner-darkly/validations/trust_chain.go:92.16,96.3 1 1
github.com/sgargan/cert-scanner-darkly/validations/trust_chain.go:97.2,97.12 1 1
github.com/sgargan/cert-scanner-darkly/validations/validations.go:17.47,19.49 2 1
github.com/sgargan/cert-scanner-darkly/validations/validations.go:19.49,20.67 1 1
github.com/sgargan/cert-scanner-darkly/validations/validations.go:20.67,22.4 1 1
github.com/sgargan/cert-scanner-darkly/validations/validations.go:22.9,22.22 1 1
github.com/sgargan/cert-scanner-darkly/validations/validations.go:22.22,24.4 1 1
github.com/sgargan/cert-scanner-darkly/validations/validations.go:26.2,27.25 2 1
github.com/sgargan/cert-scanner-darkly/validations/validations.go:30.45,33.20 3 1
github.com/sgargan/cert-scanner-darkly/validations/validations.go:33.20,34.62 1 1
github.com/sgargan/cert-scanner-darkly/validations/validations.go:34.62,36.4 1 1
github.com/sgargan/cert-scanner-darkly/validations/validations.go:36.9,38.4 1 1
github.com/sgargan/cert-scanner-darkly/validations/validations.go:40.2,40.45 1 1
github.com/sgargan/cert-scanner-darkly/validations/validations.go:43.45,45.2 1 1
github.com/sgargan/cert-scanner-darkly/validations/validations.go:47.49,50.2 2 1
github.com/sgargan/cert-scanner-darkly/validations/validations.go:52.39,54.2 1 1
github.com/sgargan/cert-scanner-darkly/validations/validations.go:56.95,57.64 1 1
github.com/sgargan/cert-scanner-darkly/validations/validations.go:57.64,60.3 2 1
github.com/sgargan/cert-scanner-darkly/validations/validations.go:61.2,61.8 1 1
